<?xml version="1.0" encoding="UTF-8"?>
<!-- Generated by org.testng.reporters.JUnitReportReporter -->
<testsuite hostname="LAPTOP-3LR0D9HL" failures="0" tests="1" name="academy.launch" time="2.171" errors="0" timestamp="2022-05-23T22:05:28 IST" skipped="0">
  <testcase classname="academy.launch" name="launchBrowser" time="2.171"/>
  <system-out/>
</testsuite> <!-- academy.launch -->
